INFO: spec_main_live_pretend.c(120): Processing 24 beamsets
INFO: cmd_ln.c(276): Parsing command line:
INFO: kbcore.c(95): Initializing core models:
INFO: logs3.c(99): Initializing logbase: 1.000300e+00 (add table: 1)
INFO: logs3.c(161): Log-Add table size = 29350
INFO: feat.c(642): Initializing feature stream to type: '1s_c_d_dd', CMN='current', VARNORM='no', AGC='none'
INFO: mdef.c(594): Reading model definition: model/hmm/hub4/hub4opensrc.6000.mdef
INFO: mdef.c(771): 48 CI-phone, 133500 CD-phone, 3 emitstate/phone, 144 CI-sen, 6144 Sen, 32639 Sen-Seq
INFO: dict.c(358): Reading main dictionary: model/lm/an4/an4.dict
INFO: dict.c(361): 130 words read
INFO: dict.c(366): Reading filler dictionary: model/lm/an4/filler.dict
INFO: dict.c(369): 3 words read
INFO: lm.c(739): LM read('model/lm/an4/an4.ug.lm.DMP', lw= 9.50, wip= -1188, uw= 0.70)
INFO: lm.c(553):      107 ug
INFO: lm.c(583):        1 bigrams [on disk]
INFO: lm.c(613):        2 bigram prob entries
INFO: lm.c(696):      107 word strings
INFO: wid.c(178): 6 LM words not in dictionary; ignored
INFO: cont_mgau.c(96): Reading mixture gaussian file 'model/hmm/hub4/means'
INFO: cont_mgau.c(248): 6144 mixture Gaussians, 8 components, 1 streams, veclen 39
INFO: cont_mgau.c(96): Reading mixture gaussian file 'model/hmm/hub4/variances'
INFO: cont_mgau.c(248): 6144 mixture Gaussians, 8 components, 1 streams, veclen 39
INFO: cont_mgau.c(269): Reading mixture weights file 'model/hmm/hub4/mixture_weights'
INFO: cont_mgau.c(362): Read 6144 x 8 mixture weights
INFO: cont_mgau.c(378): Removing uninitialized Gaussian densities
 6 7 8
INFO: cont_mgau.c(408): 24 densities removed (3 mixtures removed entirely)
INFO: cont_mgau.c(416): Applying variance floor
INFO: cont_mgau.c(428): 0 variance values floored
INFO: cont_mgau.c(474): Precomputing Mahalanobis distance invariants
INFO: subvq.c(199): Loading Mixture Gaussian sub-VQ file 'model/hmm/hub4/8gau.6000sen.quant' (vq_eval: 3)
INFO: subvq.c(259): Original #codebooks(states)/codewords: 6144 x 8
INFO: subvq.c(260): Subvectors: 3, VQsize: 4096
INFO: subvq.c(262): SV 0 feature dims(13):   0  1  2  3  4  5  6  7  8  9 10 11 12
INFO: subvq.c(262): SV 1 feature dims(13):  13 14 15 16 17 18 19 20 21 22 23 24 25
INFO: subvq.c(262): SV 2 feature dims(13):  26 27 28 29 30 31 32 33 34 35 36 37 38
INFO: subvq.c(271): Reading subvq 0
INFO: subvq.c(273): Reading codebook
INFO: subvq.c(293): Reading map
