
Sjeng version SPEC 1.0, Copyright (C) 2000-2005 Gian-Carlo Pascutto

SPEC Workload

  +----+----+----+----+----+----+----+----+
8 | *R |    |    |    | *K | *B |    | *R |
  +----+----+----+----+----+----+----+----+
7 |    | *B | *Q |    |    | *P |  R |    |
  +----+----+----+----+----+----+----+----+
6 | *P |    |    |    |    |  P |    |    |
  +----+----+----+----+----+----+----+----+
5 |    |    |    |  P | *P |    |    | *P |
  +----+----+----+----+----+----+----+----+
4 |    | *P |    |    |    |    |    |    |
  +----+----+----+----+----+----+----+----+
3 |    |    |    |    |    |    |  Q |  B |
  +----+----+----+----+----+----+----+----+
2 |  P |  P |  P |    |    |    |    |  P |
  +----+----+----+----+----+----+----+----+
1 |    |    |  K |  R |    |    |    |    |
  +----+----+----+----+----+----+----+----+

     a    b    c    d    e    f    g    h

EPD: r3kb1r/1bq2pR1/p4P2/3Pp2p/1p6/6QB/PPP4P/2KR4 b kq - bm Rd8 h4; id "CCC-ANAL-2";

Searching to 12 ply
Middlegame phase.
Time for move : 1000000
 2  2.45       200 Bxg7 fxg7 Rg8 
 2  2.45       993 Bxg7 fxg7 Rg8 
 3  2.10      1259 Bxg7 ??
 3  2.11      1724 Rd8 !
 3  2.44      3553 Rd8 Be6 Bxg7 fxg7 
 4  2.45      5553 Rd8 Be6 Bxg7 fxg7 Rg8 
 4  2.46      8782 h4 !
 4  2.45     11179 Rd8 Be6 Bxg7 fxg7 Rg8 
 5  2.21     21737 Rd8 Qb3 Qa5 c4 Bxg7 fxg7 
 5  2.21     35796 Rd8 Qb3 Qa5 c4 Bxg7 fxg7 
 6  1.92     63209 Rd8 Be6 Bxg7 Bxf7+ Qxf7 fxg7 Qf6 g8=Q+ Rxg8 Qxg8+ 
 6  1.93     64970 h4 !
 6  2.15    137404 h4 Qb3 Qa5 Bd7+ Kxd7 Rxf7+ Kc8 Qh3+ Kb8 
 7  1.80    237492 h4 ??
 7  1.81    271845 Rd8 !
 7  1.92    453192 Rd8 Be6 Bxg7 Bxf7+ Qxf7 fxg7 <Qf6> <gxh8=Q+> <Qxh8> 
 8  1.61    681425 Rd8 d6 Rxd6 Qxe5+ Kd8 Rd3 b3 axb3 Rxd3 Qxc7+ Kxc7 cxd3 
 8  1.62    817304 h4 !
 8  1.61   1265922 Rd8 d6 Rxd6 Qxe5+ Kd8 Rd3 b3 axb3 Rxd3 Qxc7+ Kxc7 cxd3 
 9  1.26   1431088 Rd8 ??
 9  1.27   1502358 h4 !
 9  1.27   2638104 Bxg7 !
 9  1.27   2759168 Bxg7 fxg7 Rg8 Re1 f6 Qg6+ Ke7 Be6 Rad8 Qf7+ Kd6 Qxc7+ Kxc7 
10  1.27   3005616 Bxg7 fxg7 Rg8 Re1 f6 Qg6+ Ke7 Be6 Rad8 Qf7+ <Kd6> <Qxc7+> <Kxc7> 
10  1.27   4799367 Bxg7 fxg7 Rg8 Re1 f6 Qg6+ Ke7 Be6 Rad8 Qf7+ <Kd6> <Qxc7+> <Kxc7> 
11  0.92   5194287 Bxg7 ??
11 -10.20  25106296 Bxg7 fxg7 Rg8 d6 Qe7 dxe7 Bc6 Qg5 f5 Bxf5 a5 Qxh5+ Kxe7 
11 -10.19  25757794 Bc8 !
